INFO:root:Search Configuration:
Opponent: MINIMAX
Rounds: 10
Fair Matches: False
Time Limit: 150
Processes: 1
Debug Mode: False
INFO:sample_players:[Errno 2] No such file or directory: 'data.pickle'
INFO:isolation:Initial game state: Isolation(board=41523161203939122082683632224299007, ply_count=0, locs=(None, None))
First agent: Agent(agent_class=<class 'sample_players.MinimaxPlayer'>, name='Minimax Agent')
Second agent: Agent(agent_class=<class 'my_custom_player.CustomPlayer'>, name='Custom Agent')

INFO:isolation:Status: Status.GAME_OVER
Final State: Isolation(board=40364535364227437749046257098187838, ply_count=75, locs=(108, 65))
History: [29, 53, <Action.NNE: 25>, <Action.NNE: 25>, <Action.WSW: -11>, <Action.WSW: -11>, <Action.NNE: 25>, <Action.WSW: -11>, <Action.SSE: -27>, <Action.NNE: 25>, <Action.NNE: 25>, <Action.WSW: -11>, <Action.NNE: 25>, <Action.NNE: 25>, <Action.WSW: -11>, <Action.WSW: -11>, <Action.SSW: -25>, <Action.ESE: -15>, <Action.WSW: -11>, <Action.WSW: -11>, <Action.SSW: -25>, <Action.NNE: 25>, <Action.ENE: 11>, <Action.WSW: -11>, <Action.WNW: 15>, <Action.NNE: 25>, <Action.SSE: -27>, <Action.ESE: -15>, <Action.WSW: -11>, <Action.NNE: 25>, <Action.NNE: 25>, <Action.WSW: -11>, <Action.NNE: 25>, <Action.SSW: -25>, <Action.ESE: -15>, <Action.SSW: -25>, <Action.SSW: -25>, <Action.SSW: -25>, <Action.WSW: -11>, <Action.NNW: 27>, <Action.NNW: 27>, <Action.NNE: 25>, <Action.SSW: -25>, <Action.WSW: -11>, <Action.WNW: 15>, <Action.ESE: -15>, <Action.ENE: 11>, <Action.NNW: 27>, <Action.NNE: 25>, <Action.NNE: 25>, <Action.NNW: 27>, <Action.WSW: -11>, <Action.WSW: -11>, <Action.SSE: -27>, <Action.NNE: 25>, <Action.SSW: -25>, <Action.ESE: -15>, <Action.SSE: -27>, <Action.SSW: -25>, <Action.ENE: 11>, <Action.NNW: 27>, <Action.ENE: 11>, <Action.ENE: 11>, <Action.ESE: -15>, <Action.ENE: 11>, <Action.ENE: 11>, <Action.ESE: -15>, <Action.SSE: -27>, <Action.ESE: -15>, <Action.WNW: 15>, <Action.NNE: 25>, <Action.NNE: 25>, <Action.WSW: -11>, <Action.NNE: 25>, <Action.WNW: 15>]
Winner: Agent(agent_class=<class 'my_custom_player.CustomPlayer'>, name='Custom Agent')
Loser: Agent(agent_class=<class 'sample_players.MinimaxPlayer'>, name='Minimax Agent')

INFO:sample_players:[Errno 2] No such file or directory: 'data.pickle'
INFO:isolation:Initial game state: Isolation(board=41523161203939122082683632224299007, ply_count=0, locs=(None, None))
First agent: Agent(agent_class=<class 'my_custom_player.CustomPlayer'>, name='Custom Agent')
Second agent: Agent(agent_class=<class 'sample_players.MinimaxPlayer'>, name='Minimax Agent')

INFO:isolation:Status: Status.GAME_OVER
Final State: Isolation(board=40447562068739901289001805525697614, ply_count=69, locs=(104, 49))
History: [48, 80, <Action.NNE: 25>, <Action.ESE: -15>, <Action.NNE: 25>, <Action.SSW: -25>, <Action.ESE: -15>, <Action.SSE: -27>, <Action.NNE: 25>, <Action.WNW: 15>, <Action.SSE: -27>, <Action.WNW: 15>, <Action.ENE: 11>, <Action.NNE: 25>, <Action.SSW: -25>, <Action.WSW: -11>, <Action.SSW: -25>, <Action.SSE: -27>, <Action.WSW: -11>, <Action.NNE: 25>, <Action.NNW: 27>, <Action.WSW: -11>, <Action.ENE: 11>, <Action.WNW: 15>, <Action.NNW: 27>, <Action.ENE: 11>, <Action.WSW: -11>, <Action.SSW: -25>, <Action.SSW: -25>, <Action.SSW: -25>, <Action.SSW: -25>, <Action.WSW: -11>, <Action.ENE: 11>, <Action.NNW: 27>, <Action.WNW: 15>, <Action.ENE: 11>, <Action.ENE: 11>, <Action.ESE: -15>, <Action.NNE: 25>, <Action.SSE: -27>, <Action.ESE: -15>, <Action.ENE: 11>, <Action.WSW: -11>, <Action.NNE: 25>, <Action.ESE: -15>, <Action.ENE: 11>, <Action.SSE: -27>, <Action.SSW: -25>, <Action.NNE: 25>, <Action.SSE: -27>, <Action.NNE: 25>, <Action.WNW: 15>, <Action.WNW: 15>, <Action.WSW: -11>, <Action.WNW: 15>, <Action.WNW: 15>, <Action.SSW: -25>, <Action.WSW: -11>, <Action.ENE: 11>, <Action.NNE: 25>, <Action.ENE: 11>, <Action.ESE: -15>, <Action.ESE: -15>, <Action.WSW: -11>, <Action.SSW: -25>, <Action.WNW: 15>, <Action.NNW: 27>, <Action.NNW: 27>, <Action.ENE: 11>]
Winner: Agent(agent_class=<class 'sample_players.MinimaxPlayer'>, name='Minimax Agent')
Loser: Agent(agent_class=<class 'my_custom_player.CustomPlayer'>, name='Custom Agent')

INFO:sample_players:[Errno 2] No such file or directory: 'data.pickle'
INFO:isolation:Initial game state: Isolation(board=41523161203939122082683632224299007, ply_count=0, locs=(None, None))
First agent: Agent(agent_class=<class 'sample_players.MinimaxPlayer'>, name='Minimax Agent')
Second agent: Agent(agent_class=<class 'my_custom_player.CustomPlayer'>, name='Custom Agent')

INFO:isolation:Status: Status.GAME_OVER
Final State: Isolation(board=39005609278809859960865783432701110, ply_count=77, locs=(92, 8))
History: [36, 9, <Action.NNE: 25>, <Action.NNE: 25>, <Action.NNE: 25>, <Action.NNE: 25>, <Action.ENE: 11>, <Action.NNE: 25>, <Action.ENE: 11>, <Action.NNE: 25>, <Action.ESE: -15>, <Action.ESE: -15>, <Action.WSW: -11>, <Action.ESE: -15>, <Action.NNE: 25>, <Action.SSE: -27>, <Action.WSW: -11>, <Action.SSW: -25>, <Action.SSE: -27>, <Action.SSE: -27>, <Action.SSE: -27>, <Action.WNW: 15>, <Action.NNE: 25>, <Action.WNW: 15>, <Action.SSE: -27>, <Action.SSE: -27>, <Action.WSW: -11>, <Action.WNW: 15>, <Action.NNE: 25>, <Action.NNE: 25>, <Action.ENE: 11>, <Action.WNW: 15>, <Action.WNW: 15>, <Action.NNE: 25>, <Action.SSE: -27>, <Action.ESE: -15>, <Action.SSW: -25>, <Action.SSE: -27>, <Action.WSW: -11>, <Action.WNW: 15>, <Action.WSW: -11>, <Action.WSW: -11>, <Action.NNE: 25>, <Action.SSW: -25>, <Action.WNW: 15>, <Action.WNW: 15>, <Action.NNE: 25>, <Action.NNE: 25>, <Action.NNW: 27>, <Action.SSE: -27>, <Action.SSW: -25>, <Action.WSW: -11>, <Action.WSW: -11>, <Action.NNE: 25>, <Action.NNE: 25>, <Action.NNW: 27>, <Action.ESE: -15>, <Action.NNE: 25>, <Action.ESE: -15>, <Action.ENE: 11>, <Action.SSW: -25>, <Action.ESE: -15>, <Action.WSW: -11>, <Action.ENE: 11>, <Action.NNW: 27>, <Action.ESE: -15>, <Action.NNW: 27>, <Action.SSW: -25>, <Action.NNE: 25>, <Action.WSW: -11>, <Action.ESE: -15>, <Action.WSW: -11>, <Action.ESE: -15>, <Action.SSW: -25>, <Action.ENE: 11>, <Action.WSW: -11>, <Action.ENE: 11>]
Winner: Agent(agent_class=<class 'my_custom_player.CustomPlayer'>, name='Custom Agent')
Loser: Agent(agent_class=<class 'sample_players.MinimaxPlayer'>, name='Minimax Agent')

INFO:sample_players:[Errno 2] No such file or directory: 'data.pickle'
INFO:isolation:Initial game state: Isolation(board=41523161203939122082683632224299007, ply_count=0, locs=(None, None))
First agent: Agent(agent_class=<class 'my_custom_player.CustomPlayer'>, name='Custom Agent')
Second agent: Agent(agent_class=<class 'sample_players.MinimaxPlayer'>, name='Minimax Agent')

INFO:isolation:Status: Status.GAME_OVER
Final State: Isolation(board=18398688549744687408779446654691151, ply_count=65, locs=(114, 106))
History: [48, 5, <Action.NNE: 25>, <Action.NNE: 25>, <Action.NNE: 25>, <Action.NNE: 25>, <Action.ENE: 11>, <Action.NNE: 25>, <Action.ESE: -15>, <Action.ESE: -15>, <Action.WSW: -11>, <Action.SSW: -25>, <Action.NNE: 25>, <Action.SSW: -25>, <Action.ESE: -15>, <Action.WSW: -11>, <Action.WSW: -11>, <Action.WNW: 15>, <Action.WSW: -11>, <Action.NNE: 25>, <Action.NNE: 25>, <Action.NNE: 25>, <Action.ESE: -15>, <Action.ESE: -15>, <Action.SSW: -25>, <Action.ESE: -15>, <Action.SSW: -25>, <Action.WSW: -11>, <Action.NNW: 27>, <Action.WSW: -11>, <Action.WSW: -11>, <Action.NNE: 25>, <Action.NNE: 25>, <Action.ENE: 11>, <Action.SSE: -27>, <Action.SSE: -27>, <Action.SSE: -27>, <Action.WNW: 15>, <Action.WNW: 15>, <Action.NNW: 27>, <Action.WSW: -11>, <Action.SSW: -25>, <Action.ESE: -15>, <Action.WSW: -11>, <Action.NNW: 27>, <Action.NNW: 27>, <Action.WNW: 15>, <Action.ENE: 11>, <Action.NNE: 25>, <Action.NNW: 27>, <Action.NNE: 25>, <Action.WSW: -11>, <Action.ENE: 11>, <Action.SSW: -25>, <Action.SSW: -25>, <Action.ESE: -15>, <Action.WNW: 15>, <Action.ENE: 11>, <Action.SSW: -25>, <Action.NNW: 27>, <Action.ESE: -15>, <Action.ENE: 11>, <Action.NNW: 27>, <Action.ENE: 11>, <Action.NNW: 27>]
Winner: Agent(agent_class=<class 'sample_players.MinimaxPlayer'>, name='Minimax Agent')
Loser: Agent(agent_class=<class 'my_custom_player.CustomPlayer'>, name='Custom Agent')

INFO:sample_players:[Errno 2] No such file or directory: 'data.pickle'
INFO:isolation:Initial game state: Isolation(board=41523161203939122082683632224299007, ply_count=0, locs=(None, None))
First agent: Agent(agent_class=<class 'sample_players.MinimaxPlayer'>, name='Minimax Agent')
Second agent: Agent(agent_class=<class 'my_custom_player.CustomPlayer'>, name='Custom Agent')

INFO:isolation:Status: Status.GAME_OVER
Final State: Isolation(board=34947946363319904953258633268520214, ply_count=67, locs=(9, 21))
History: [58, 81, <Action.NNE: 25>, <Action.NNE: 25>, <Action.ESE: -15>, <Action.WSW: -11>, <Action.NNE: 25>, <Action.ESE: -15>, <Action.WSW: -11>, <Action.ESE: -15>, <Action.ESE: -15>, <Action.SSW: -25>, <Action.WSW: -11>, <Action.WSW: -11>, <Action.WNW: 15>, <Action.NNE: 25>, <Action.SSE: -27>, <Action.WSW: -11>, <Action.ENE: 11>, <Action.SSW: -25>, <Action.WNW: 15>, <Action.ESE: -15>, <Action.SSW: -25>, <Action.NNE: 25>, <Action.SSW: -25>, <Action.NNE: 25>, <Action.ENE: 11>, <Action.WSW: -11>, <Action.WNW: 15>, <Action.SSE: -27>, <Action.ENE: 11>, <Action.ESE: -15>, <Action.SSE: -27>, <Action.NNW: 27>, <Action.SSW: -25>, <Action.NNE: 25>, <Action.NNW: 27>, <Action.NNW: 27>, <Action.SSW: -25>, <Action.WNW: 15>, <Action.WNW: 15>, <Action.SSW: -25>, <Action.NNE: 25>, <Action.WNW: 15>, <Action.NNE: 25>, <Action.WSW: -11>, <Action.NNE: 25>, <Action.NNE: 25>, <Action.WNW: 15>, <Action.WSW: -11>, <Action.SSE: -27>, <Action.SSE: -27>, <Action.NNE: 25>, <Action.WSW: -11>, <Action.WSW: -11>, <Action.ESE: -15>, <Action.SSW: -25>, <Action.NNE: 25>, <Action.NNW: 27>, <Action.WSW: -11>, <Action.ESE: -15>, <Action.ESE: -15>, <Action.SSW: -25>, <Action.SSE: -27>, <Action.SSW: -25>, <Action.WNW: 15>, <Action.SSE: -27>]
Winner: Agent(agent_class=<class 'my_custom_player.CustomPlayer'>, name='Custom Agent')
Loser: Agent(agent_class=<class 'sample_players.MinimaxPlayer'>, name='Minimax Agent')

INFO:sample_players:[Errno 2] No such file or directory: 'data.pickle'
INFO:isolation:Initial game state: Isolation(board=41523161203939122082683632224299007, ply_count=0, locs=(None, None))
First agent: Agent(agent_class=<class 'my_custom_player.CustomPlayer'>, name='Custom Agent')
Second agent: Agent(agent_class=<class 'sample_players.MinimaxPlayer'>, name='Minimax Agent')

INFO:isolation:Status: Status.GAME_OVER
Final State: Isolation(board=26310251771206870562950207951085590, ply_count=76, locs=(80, 41))
History: [31, 88, <Action.NNE: 25>, <Action.NNE: 25>, <Action.NNE: 25>, <Action.SSE: -27>, <Action.NNE: 25>, <Action.NNE: 25>, <Action.ESE: -15>, <Action.ESE: -15>, <Action.SSW: -25>, <Action.ENE: 11>, <Action.SSE: -27>, <Action.SSW: -25>, <Action.SSW: -25>, <Action.ENE: 11>, <Action.WSW: -11>, <Action.SSW: -25>, <Action.NNE: 25>, <Action.SSW: -25>, <Action.WSW: -11>, <Action.SSW: -25>, <Action.NNE: 25>, <Action.WSW: -11>, <Action.WNW: 15>, <Action.NNE: 25>, <Action.SSE: -27>, <Action.WNW: 15>, <Action.WNW: 15>, <Action.ENE: 11>, <Action.NNE: 25>, <Action.ENE: 11>, <Action.WNW: 15>, <Action.SSW: -25>, <Action.SSW: -25>, <Action.ENE: 11>, <Action.ENE: 11>, <Action.ESE: -15>, <Action.SSW: -25>, <Action.NNW: 27>, <Action.SSE: -27>, <Action.ESE: -15>, <Action.WSW: -11>, <Action.SSW: -25>, <Action.NNE: 25>, <Action.SSE: -27>, <Action.SSE: -27>, <Action.WNW: 15>, <Action.WNW: 15>, <Action.ENE: 11>, <Action.WSW: -11>, <Action.NNW: 27>, <Action.NNE: 25>, <Action.NNE: 25>, <Action.NNW: 27>, <Action.NNW: 27>, <Action.ENE: 11>, <Action.WSW: -11>, <Action.NNE: 25>, <Action.WSW: -11>, <Action.ENE: 11>, <Action.WSW: -11>, <Action.SSW: -25>, <Action.WSW: -11>, <Action.SSW: -25>, <Action.SSE: -27>, <Action.WNW: 15>, <Action.SSW: -25>, <Action.NNE: 25>, <Action.ENE: 11>, <Action.ENE: 11>, <Action.ESE: -15>, <Action.ESE: -15>, <Action.ENE: 11>, <Action.ESE: -15>, <Action.NNE: 25>]
Winner: Agent(agent_class=<class 'my_custom_player.CustomPlayer'>, name='Custom Agent')
Loser: Agent(agent_class=<class 'sample_players.MinimaxPlayer'>, name='Minimax Agent')

INFO:sample_players:[Errno 2] No such file or directory: 'data.pickle'
INFO:isolation:Initial game state: Isolation(board=41523161203939122082683632224299007, ply_count=0, locs=(None, None))
First agent: Agent(agent_class=<class 'sample_players.MinimaxPlayer'>, name='Minimax Agent')
Second agent: Agent(agent_class=<class 'my_custom_player.CustomPlayer'>, name='Custom Agent')

INFO:isolation:Status: Status.GAME_OVER
Final State: Isolation(board=37445153522697921430492751680267980, ply_count=61, locs=(0, 97))
History: [36, 46, <Action.NNE: 25>, <Action.NNE: 25>, <Action.NNE: 25>, <Action.NNE: 25>, <Action.NNE: 25>, <Action.ENE: 11>, <Action.SSE: -27>, <Action.ESE: -15>, <Action.ENE: 11>, <Action.SSE: -27>, <Action.ESE: -15>, <Action.SSW: -25>, <Action.SSE: -27>, <Action.SSW: -25>, <Action.SSE: -27>, <Action.WSW: -11>, <Action.SSW: -25>, <Action.NNE: 25>, <Action.WNW: 15>, <Action.NNE: 25>, <Action.NNW: 27>, <Action.NNW: 27>, <Action.NNE: 25>, <Action.SSW: -25>, <Action.SSE: -27>, <Action.SSW: -25>, <Action.WSW: -11>, <Action.NNW: 27>, <Action.SSW: -25>, <Action.WSW: -11>, <Action.WNW: 15>, <Action.SSW: -25>, <Action.NNE: 25>, <Action.ENE: 11>, <Action.NNE: 25>, <Action.SSW: -25>, <Action.ESE: -15>, <Action.NNW: 27>, <Action.SSE: -27>, <Action.NNE: 25>, <Action.WSW: -11>, <Action.NNE: 25>, <Action.NNE: 25>, <Action.NNE: 25>, <Action.NNE: 25>, <Action.SSE: -27>, <Action.ENE: 11>, <Action.WNW: 15>, <Action.WNW: 15>, <Action.SSW: -25>, <Action.ENE: 11>, <Action.WNW: 15>, <Action.SSW: -25>, <Action.ENE: 11>, <Action.SSE: -27>, <Action.SSE: -27>, <Action.SSW: -25>, <Action.NNE: 25>, <Action.SSE: -27>]
Winner: Agent(agent_class=<class 'my_custom_player.CustomPlayer'>, name='Custom Agent')
Loser: Agent(agent_class=<class 'sample_players.MinimaxPlayer'>, name='Minimax Agent')

INFO:sample_players:[Errno 2] No such file or directory: 'data.pickle'
INFO:isolation:Initial game state: Isolation(board=41523161203939122082683632224299007, ply_count=0, locs=(None, None))
First agent: Agent(agent_class=<class 'my_custom_player.CustomPlayer'>, name='Custom Agent')
Second agent: Agent(agent_class=<class 'sample_players.MinimaxPlayer'>, name='Minimax Agent')

INFO:isolation:Status: Status.GAME_OVER
Final State: Isolation(board=22614889338731974941072572251652830, ply_count=76, locs=(39, 61))
History: [30, 100, <Action.NNE: 25>, <Action.ENE: 11>, <Action.NNE: 25>, <Action.ESE: -15>, <Action.ESE: -15>, <Action.ESE: -15>, <Action.WSW: -11>, <Action.ENE: 11>, <Action.SSW: -25>, <Action.SSW: -25>, <Action.NNW: 27>, <Action.SSW: -25>, <Action.SSW: -25>, <Action.ENE: 11>, <Action.NNW: 27>, <Action.NNE: 25>, <Action.ENE: 11>, <Action.WNW: 15>, <Action.SSW: -25>, <Action.SSE: -27>, <Action.SSE: -27>, <Action.SSW: -25>, <Action.WNW: 15>, <Action.NNW: 27>, <Action.NNE: 25>, <Action.WNW: 15>, <Action.WNW: 15>, <Action.WNW: 15>, <Action.SSE: -27>, <Action.SSE: -27>, <Action.NNE: 25>, <Action.SSW: -25>, <Action.WNW: 15>, <Action.SSE: -27>, <Action.SSW: -25>, <Action.WSW: -11>, <Action.SSE: -27>, <Action.WNW: 15>, <Action.WNW: 15>, <Action.ENE: 11>, <Action.NNE: 25>, <Action.NNE: 25>, <Action.WSW: -11>, <Action.WNW: 15>, <Action.ESE: -15>, <Action.NNW: 27>, <Action.WSW: -11>, <Action.ENE: 11>, <Action.ESE: -15>, <Action.ESE: -15>, <Action.WSW: -11>, <Action.ESE: -15>, <Action.NNE: 25>, <Action.NNW: 27>, <Action.ESE: -15>, <Action.ESE: -15>, <Action.ESE: -15>, <Action.ESE: -15>, <Action.ENE: 11>, <Action.NNW: 27>, <Action.ENE: 11>, <Action.WSW: -11>, <Action.SSE: -27>, <Action.WSW: -11>, <Action.WNW: 15>, <Action.WNW: 15>, <Action.NNE: 25>, <Action.WSW: -11>, <Action.SSE: -27>, <Action.NNE: 25>, <Action.WNW: 15>, <Action.SSE: -27>, <Action.ENE: 11>, <Action.SSW: -25>]
Winner: Agent(agent_class=<class 'my_custom_player.CustomPlayer'>, name='Custom Agent')
Loser: Agent(agent_class=<class 'sample_players.MinimaxPlayer'>, name='Minimax Agent')

INFO:sample_players:[Errno 2] No such file or directory: 'data.pickle'
INFO:isolation:Initial game state: Isolation(board=41523161203939122082683632224299007, ply_count=0, locs=(None, None))
First agent: Agent(agent_class=<class 'sample_players.MinimaxPlayer'>, name='Minimax Agent')
Second agent: Agent(agent_class=<class 'my_custom_player.CustomPlayer'>, name='Custom Agent')

INFO:isolation:Status: Status.GAME_OVER
Final State: Isolation(board=37465445716988219617185266393145367, ply_count=62, locs=(8, 35))
History: [86, 3, <Action.NNE: 25>, <Action.NNE: 25>, <Action.ESE: -15>, <Action.NNE: 25>, <Action.ENE: 11>, <Action.WSW: -11>, <Action.ESE: -15>, <Action.NNE: 25>, <Action.WSW: -11>, <Action.WSW: -11>, <Action.ESE: -15>, <Action.SSE: -27>, <Action.WSW: -11>, <Action.WSW: -11>, <Action.WSW: -11>, <Action.NNE: 25>, <Action.SSW: -25>, <Action.WNW: 15>, <Action.ENE: 11>, <Action.SSW: -25>, <Action.WNW: 15>, <Action.SSE: -27>, <Action.SSW: -25>, <Action.NNE: 25>, <Action.ESE: -15>, <Action.WNW: 15>, <Action.NNW: 27>, <Action.NNE: 25>, <Action.NNE: 25>, <Action.ENE: 11>, <Action.ENE: 11>, <Action.WNW: 15>, <Action.WNW: 15>, <Action.SSE: -27>, <Action.NNW: 27>, <Action.NNE: 25>, <Action.WSW: -11>, <Action.WSW: -11>, <Action.SSE: -27>, <Action.SSW: -25>, <Action.WSW: -11>, <Action.WNW: 15>, <Action.NNW: 27>, <Action.SSE: -27>, <Action.ESE: -15>, <Action.SSW: -25>, <Action.NNE: 25>, <Action.ESE: -15>, <Action.WSW: -11>, <Action.NNW: 27>, <Action.SSE: -27>, <Action.SSW: -25>, <Action.WNW: 15>, <Action.NNW: 27>, <Action.SSE: -27>, <Action.ESE: -15>, <Action.SSW: -25>, <Action.WSW: -11>, <Action.ESE: -15>, <Action.NNE: 25>]
Winner: Agent(agent_class=<class 'my_custom_player.CustomPlayer'>, name='Custom Agent')
Loser: Agent(agent_class=<class 'sample_players.MinimaxPlayer'>, name='Minimax Agent')

INFO:sample_players:[Errno 2] No such file or directory: 'data.pickle'
INFO:isolation:Initial game state: Isolation(board=41523161203939122082683632224299007, ply_count=0, locs=(None, None))
First agent: Agent(agent_class=<class 'my_custom_player.CustomPlayer'>, name='Custom Agent')
Second agent: Agent(agent_class=<class 'sample_players.MinimaxPlayer'>, name='Minimax Agent')

INFO:isolation:Status: Status.GAME_OVER
Final State: Isolation(board=34542214073531079780456710401508152, ply_count=72, locs=(101, 13))
History: [44, 34, <Action.NNE: 25>, <Action.NNE: 25>, <Action.NNE: 25>, <Action.NNE: 25>, <Action.ESE: -15>, <Action.SSE: -27>, <Action.SSE: -27>, <Action.ENE: 11>, <Action.WSW: -11>, <Action.ESE: -15>, <Action.WSW: -11>, <Action.WSW: -11>, <Action.NNE: 25>, <Action.NNE: 25>, <Action.WNW: 15>, <Action.SSE: -27>, <Action.SSE: -27>, <Action.WSW: -11>, <Action.SSW: -25>, <Action.NNE: 25>, <Action.WSW: -11>, <Action.ENE: 11>, <Action.NNE: 25>, <Action.NNW: 27>, <Action.ESE: -15>, <Action.WSW: -11>, <Action.WSW: -11>, <Action.SSW: -25>, <Action.NNW: 27>, <Action.WSW: -11>, <Action.NNW: 27>, <Action.SSW: -25>, <Action.NNE: 25>, <Action.ENE: 11>, <Action.ENE: 11>, <Action.WNW: 15>, <Action.ENE: 11>, <Action.NNE: 25>, <Action.SSE: -27>, <Action.NNW: 27>, <Action.WNW: 15>, <Action.ESE: -15>, <Action.WNW: 15>, <Action.WSW: -11>, <Action.WSW: -11>, <Action.NNE: 25>, <Action.SSW: -25>, <Action.ENE: 11>, <Action.SSE: -27>, <Action.ESE: -15>, <Action.ENE: 11>, <Action.SSE: -27>, <Action.WNW: 15>, <Action.SSE: -27>, <Action.SSW: -25>, <Action.WSW: -11>, <Action.SSE: -27>, <Action.SSE: -27>, <Action.WSW: -11>, <Action.NNE: 25>, <Action.NNE: 25>, <Action.WSW: -11>, <Action.NNW: 27>, <Action.ESE: -15>, <Action.NNE: 25>, <Action.NNW: 27>, <Action.NNE: 25>, <Action.SSW: -25>, <Action.WSW: -11>, <Action.ENE: 11>]
Winner: Agent(agent_class=<class 'my_custom_player.CustomPlayer'>, name='Custom Agent')
Loser: Agent(agent_class=<class 'sample_players.MinimaxPlayer'>, name='Minimax Agent')

INFO:sample_players:[Errno 2] No such file or directory: 'data.pickle'
INFO:isolation:Initial game state: Isolation(board=41523161203939122082683632224299007, ply_count=0, locs=(None, None))
First agent: Agent(agent_class=<class 'sample_players.MinimaxPlayer'>, name='Minimax Agent')
Second agent: Agent(agent_class=<class 'my_custom_player.CustomPlayer'>, name='Custom Agent')

INFO:isolation:Status: Status.GAME_OVER
Final State: Isolation(board=40467849395942110954860192890881743, ply_count=67, locs=(39, 48))
History: [80, 86, <Action.ESE: -15>, <Action.ENE: 11>, <Action.SSW: -25>, <Action.ENE: 11>, <Action.SSE: -27>, <Action.ESE: -15>, <Action.WNW: 15>, <Action.ESE: -15>, <Action.NNE: 25>, <Action.WSW: -11>, <Action.SSE: -27>, <Action.WSW: -11>, <Action.WSW: -11>, <Action.SSW: -25>, <Action.WNW: 15>, <Action.ENE: 11>, <Action.NNE: 25>, <Action.SSW: -25>, <Action.WSW: -11>, <Action.WNW: 15>, <Action.NNE: 25>, <Action.NNE: 25>, <Action.WSW: -11>, <Action.WSW: -11>, <Action.SSW: -25>, <Action.WNW: 15>, <Action.NNW: 27>, <Action.ENE: 11>, <Action.ESE: -15>, <Action.ENE: 11>, <Action.NNE: 25>, <Action.ENE: 11>, <Action.NNE: 25>, <Action.WNW: 15>, <Action.WSW: -11>, <Action.WSW: -11>, <Action.SSW: -25>, <Action.SSE: -27>, <Action.WNW: 15>, <Action.NNE: 25>, <Action.SSW: -25>, <Action.ESE: -15>, <Action.SSE: -27>, <Action.SSE: -27>, <Action.NNE: 25>, <Action.SSE: -27>, <Action.SSE: -27>, <Action.NNE: 25>, <Action.ESE: -15>, <Action.WSW: -11>, <Action.ENE: 11>, <Action.SSE: -27>, <Action.NNW: 27>, <Action.WNW: 15>, <Action.NNE: 25>, <Action.SSW: -25>, <Action.ENE: 11>, <Action.WNW: 15>, <Action.NNW: 27>, <Action.WSW: -11>, <Action.ESE: -15>, <Action.WNW: 15>, <Action.SSW: -25>, <Action.NNE: 25>, <Action.SSE: -27>]
Winner: Agent(agent_class=<class 'my_custom_player.CustomPlayer'>, name='Custom Agent')
Loser: Agent(agent_class=<class 'sample_players.MinimaxPlayer'>, name='Minimax Agent')

INFO:sample_players:[Errno 2] No such file or directory: 'data.pickle'
INFO:isolation:Initial game state: Isolation(board=41523161203939122082683632224299007, ply_count=0, locs=(None, None))
First agent: Agent(agent_class=<class 'my_custom_player.CustomPlayer'>, name='Custom Agent')
Second agent: Agent(agent_class=<class 'sample_players.MinimaxPlayer'>, name='Minimax Agent')

INFO:isolation:Status: Status.GAME_OVER
Final State: Isolation(board=39251065636768786244858897389093927, ply_count=64, locs=(21, 7))
History: [58, 80, <Action.NNE: 25>, <Action.ESE: -15>, <Action.NNE: 25>, <Action.WSW: -11>, <Action.ESE: -15>, <Action.ESE: -15>, <Action.SSE: -27>, <Action.SSW: -25>, <Action.SSW: -25>, <Action.WSW: -11>, <Action.SSW: -25>, <Action.WNW: 15>, <Action.ENE: 11>, <Action.NNE: 25>, <Action.WNW: 15>, <Action.WSW: -11>, <Action.NNE: 25>, <Action.NNE: 25>, <Action.WSW: -11>, <Action.WSW: -11>, <Action.NNE: 25>, <Action.NNE: 25>, <Action.WSW: -11>, <Action.SSE: -27>, <Action.NNE: 25>, <Action.WNW: 15>, <Action.WNW: 15>, <Action.WNW: 15>, <Action.SSW: -25>, <Action.SSW: -25>, <Action.ENE: 11>, <Action.ENE: 11>, <Action.SSE: -27>, <Action.ESE: -15>, <Action.NNE: 25>, <Action.ESE: -15>, <Action.WNW: 15>, <Action.NNE: 25>, <Action.SSW: -25>, <Action.ESE: -15>, <Action.WSW: -11>, <Action.SSE: -27>, <Action.NNE: 25>, <Action.WNW: 15>, <Action.WSW: -11>, <Action.WSW: -11>, <Action.ESE: -15>, <Action.WSW: -11>, <Action.SSW: -25>, <Action.NNE: 25>, <Action.SSE: -27>, <Action.SSE: -27>, <Action.WSW: -11>, <Action.WNW: 15>, <Action.NNE: 25>, <Action.WSW: -11>, <Action.WSW: -11>, <Action.NNE: 25>, <Action.NNE: 25>, <Action.WSW: -11>, <Action.SSE: -27>, <Action.ESE: -15>]
Winner: Agent(agent_class=<class 'my_custom_player.CustomPlayer'>, name='Custom Agent')
Loser: Agent(agent_class=<class 'sample_players.MinimaxPlayer'>, name='Minimax Agent')

INFO:sample_players:[Errno 2] No such file or directory: 'data.pickle'
INFO:isolation:Initial game state: Isolation(board=41523161203939122082683632224299007, ply_count=0, locs=(None, None))
First agent: Agent(agent_class=<class 'sample_players.MinimaxPlayer'>, name='Minimax Agent')
Second agent: Agent(agent_class=<class 'my_custom_player.CustomPlayer'>, name='Custom Agent')

INFO:isolation:Status: Status.GAME_OVER
Final State: Isolation(board=21643908767407072972347848844984834, ply_count=77, locs=(48, 20))
History: [4, 3, <Action.NNE: 25>, <Action.NNE: 25>, <Action.NNE: 25>, <Action.NNE: 25>, <Action.WSW: -11>, <Action.WSW: -11>, <Action.NNE: 25>, <Action.WNW: 15>, <Action.NNE: 25>, <Action.NNE: 25>, <Action.SSE: -27>, <Action.SSE: -27>, <Action.SSW: -25>, <Action.SSW: -25>, <Action.WNW: 15>, <Action.SSW: -25>, <Action.WSW: -11>, <Action.NNW: 27>, <Action.NNE: 25>, <Action.NNW: 27>, <Action.WNW: 15>, <Action.ESE: -15>, <Action.SSE: -27>, <Action.SSW: -25>, <Action.WNW: 15>, <Action.WNW: 15>, <Action.SSE: -27>, <Action.SSE: -27>, <Action.NNE: 25>, <Action.WNW: 15>, <Action.WSW: -11>, <Action.NNE: 25>, <Action.WNW: 15>, <Action.NNE: 25>, <Action.NNE: 25>, <Action.NNW: 27>, <Action.ENE: 11>, <Action.ENE: 11>, <Action.ESE: -15>, <Action.SSE: -27>, <Action.SSE: -27>, <Action.ENE: 11>, <Action.ENE: 11>, <Action.ESE: -15>, <Action.ESE: -15>, <Action.NNW: 27>, <Action.NNW: 27>, <Action.SSW: -25>, <Action.SSW: -25>, <Action.NNW: 27>, <Action.ESE: -15>, <Action.WSW: -11>, <Action.SSW: -25>, <Action.WNW: 15>, <Action.SSE: -27>, <Action.SSW: -25>, <Action.WNW: 15>, <Action.ENE: 11>, <Action.NNE: 25>, <Action.WNW: 15>, <Action.SSE: -27>, <Action.SSE: -27>, <Action.WSW: -11>, <Action.SSW: -25>, <Action.WNW: 15>, <Action.SSW: -25>, <Action.WSW: -11>, <Action.ESE: -15>, <Action.NNW: 27>, <Action.WSW: -11>, <Action.SSW: -25>, <Action.NNE: 25>, <Action.WNW: 15>, <Action.ESE: -15>, <Action.NNE: 25>]
Winner: Agent(agent_class=<class 'my_custom_player.CustomPlayer'>, name='Custom Agent')
Loser: Agent(agent_class=<class 'sample_players.MinimaxPlayer'>, name='Minimax Agent')

INFO:sample_players:[Errno 2] No such file or directory: 'data.pickle'
INFO:isolation:Initial game state: Isolation(board=41523161203939122082683632224299007, ply_count=0, locs=(None, None))
First agent: Agent(agent_class=<class 'my_custom_player.CustomPlayer'>, name='Custom Agent')
Second agent: Agent(agent_class=<class 'sample_players.MinimaxPlayer'>, name='Minimax Agent')

INFO:isolation:Status: Status.GAME_OVER
Final State: Isolation(board=38580847524705453961056917061920749, ply_count=48, locs=(16, 52))
History: [33, 41, <Action.NNE: 25>, <Action.NNE: 25>, <Action.NNE: 25>, <Action.NNE: 25>, <Action.NNE: 25>, <Action.WSW: -11>, <Action.ESE: -15>, <Action.SSW: -25>, <Action.ENE: 11>, <Action.ESE: -15>, <Action.SSW: -25>, <Action.SSW: -25>, <Action.WSW: -11>, <Action.WNW: 15>, <Action.SSW: -25>, <Action.NNW: 27>, <Action.WSW: -11>, <Action.NNE: 25>, <Action.ESE: -15>, <Action.WSW: -11>, <Action.NNW: 27>, <Action.NNE: 25>, <Action.NNE: 25>, <Action.WNW: 15>, <Action.WNW: 15>, <Action.WSW: -11>, <Action.WSW: -11>, <Action.ESE: -15>, <Action.SSE: -27>, <Action.ESE: -15>, <Action.ESE: -15>, <Action.SSW: -25>, <Action.SSE: -27>, <Action.ENE: 11>, <Action.NNE: 25>, <Action.NNE: 25>, <Action.NNE: 25>, <Action.ENE: 11>, <Action.ESE: -15>, <Action.SSW: -25>, <Action.WSW: -11>, <Action.SSW: -25>, <Action.SSE: -27>, <Action.ESE: -15>, <Action.WNW: 15>, <Action.NNE: 25>]
Winner: Agent(agent_class=<class 'my_custom_player.CustomPlayer'>, name='Custom Agent')
Loser: Agent(agent_class=<class 'sample_players.MinimaxPlayer'>, name='Minimax Agent')

INFO:sample_players:[Errno 2] No such file or directory: 'data.pickle'
INFO:isolation:Initial game state: Isolation(board=41523161203939122082683632224299007, ply_count=0, locs=(None, None))
First agent: Agent(agent_class=<class 'sample_players.MinimaxPlayer'>, name='Minimax Agent')
Second agent: Agent(agent_class=<class 'my_custom_player.CustomPlayer'>, name='Custom Agent')

INFO:isolation:Status: Status.GAME_OVER
Final State: Isolation(board=35312393435307779864466774305368031, ply_count=59, locs=(101, 91))
History: [70, 33, <Action.NNE: 25>, <Action.NNE: 25>, <Action.SSE: -27>, <Action.NNE: 25>, <Action.NNE: 25>, <Action.NNE: 25>, <Action.ESE: -15>, <Action.SSE: -27>, <Action.SSW: -25>, <Action.ESE: -15>, <Action.WSW: -11>, <Action.SSE: -27>, <Action.SSE: -27>, <Action.WSW: -11>, <Action.NNE: 25>, <Action.WSW: -11>, <Action.WNW: 15>, <Action.NNW: 27>, <Action.SSW: -25>, <Action.SSW: -25>, <Action.SSW: -25>, <Action.WNW: 15>, <Action.WNW: 15>, <Action.NNW: 27>, <Action.NNE: 25>, <Action.NNE: 25>, <Action.ENE: 11>, <Action.ESE: -15>, <Action.SSE: -27>, <Action.ENE: 11>, <Action.NNE: 25>, <Action.SSW: -25>, <Action.WNW: 15>, <Action.SSW: -25>, <Action.WNW: 15>, <Action.WSW: -11>, <Action.SSW: -25>, <Action.NNE: 25>, <Action.WNW: 15>, <Action.WSW: -11>, <Action.ENE: 11>, <Action.NNE: 25>, <Action.WNW: 15>, <Action.NNW: 27>, <Action.SSE: -27>, <Action.ENE: 11>, <Action.WSW: -11>, <Action.ENE: 11>, <Action.ESE: -15>, <Action.ESE: -15>, <Action.NNE: 25>, <Action.ENE: 11>, <Action.NNE: 25>, <Action.SSW: -25>, <Action.WNW: 15>, <Action.ENE: 11>, <Action.WSW: -11>]
Winner: Agent(agent_class=<class 'my_custom_player.CustomPlayer'>, name='Custom Agent')
Loser: Agent(agent_class=<class 'sample_players.MinimaxPlayer'>, name='Minimax Agent')

INFO:sample_players:[Errno 2] No such file or directory: 'data.pickle'
INFO:isolation:Initial game state: Isolation(board=41523161203939122082683632224299007, ply_count=0, locs=(None, None))
First agent: Agent(agent_class=<class 'my_custom_player.CustomPlayer'>, name='Custom Agent')
Second agent: Agent(agent_class=<class 'sample_players.MinimaxPlayer'>, name='Minimax Agent')

INFO:isolation:Status: Status.GAME_OVER
Final State: Isolation(board=21361227308641980313071501147645894, ply_count=70, locs=(65, 105))
History: [17, 39, <Action.NNE: 25>, <Action.SSW: -25>, <Action.NNE: 25>, <Action.WSW: -11>, <Action.ENE: 11>, <Action.NNE: 25>, <Action.WNW: 15>, <Action.NNE: 25>, <Action.SSW: -25>, <Action.NNW: 27>, <Action.SSW: -25>, <Action.WSW: -11>, <Action.SSE: -27>, <Action.WSW: -11>, <Action.NNE: 25>, <Action.NNE: 25>, <Action.WSW: -11>, <Action.SSE: -27>, <Action.NNE: 25>, <Action.WSW: -11>, <Action.WSW: -11>, <Action.NNE: 25>, <Action.SSW: -25>, <Action.WSW: -11>, <Action.NNW: 27>, <Action.NNE: 25>, <Action.ENE: 11>, <Action.NNW: 27>, <Action.NNE: 25>, <Action.ESE: -15>, <Action.WNW: 15>, <Action.SSW: -25>, <Action.WSW: -11>, <Action.WSW: -11>, <Action.SSW: -25>, <Action.WSW: -11>, <Action.ENE: 11>, <Action.SSE: -27>, <Action.SSW: -25>, <Action.ENE: 11>, <Action.ESE: -15>, <Action.WNW: 15>, <Action.SSE: -27>, <Action.NNE: 25>, <Action.WNW: 15>, <Action.WSW: -11>, <Action.ENE: 11>, <Action.NNE: 25>, <Action.SSE: -27>, <Action.NNE: 25>, <Action.NNE: 25>, <Action.SSE: -27>, <Action.NNE: 25>, <Action.NNE: 25>, <Action.NNE: 25>, <Action.WSW: -11>, <Action.SSE: -27>, <Action.WSW: -11>, <Action.SSW: -25>, <Action.NNE: 25>, <Action.SSE: -27>, <Action.ESE: -15>, <Action.WNW: 15>, <Action.ENE: 11>, <Action.NNE: 25>, <Action.ESE: -15>, <Action.NNE: 25>, <Action.ENE: 11>]
Winner: Agent(agent_class=<class 'my_custom_player.CustomPlayer'>, name='Custom Agent')
Loser: Agent(agent_class=<class 'sample_players.MinimaxPlayer'>, name='Minimax Agent')

INFO:sample_players:[Errno 2] No such file or directory: 'data.pickle'
INFO:isolation:Initial game state: Isolation(board=41523161203939122082683632224299007, ply_count=0, locs=(None, None))
First agent: Agent(agent_class=<class 'sample_players.MinimaxPlayer'>, name='Minimax Agent')
Second agent: Agent(agent_class=<class 'my_custom_player.CustomPlayer'>, name='Custom Agent')

INFO:isolation:Status: Status.GAME_OVER
Final State: Isolation(board=23369777669695941238351736287028855, ply_count=67, locs=(109, 95))
History: [58, 107, <Action.NNE: 25>, <Action.SSE: -27>, <Action.NNE: 25>, <Action.SSE: -27>, <Action.SSE: -27>, <Action.SSE: -27>, <Action.SSW: -25>, <Action.WSW: -11>, <Action.WSW: -11>, <Action.WNW: 15>, <Action.NNE: 25>, <Action.NNE: 25>, <Action.WSW: -11>, <Action.WSW: -11>, <Action.NNE: 25>, <Action.NNE: 25>, <Action.SSE: -27>, <Action.NNW: 27>, <Action.NNE: 25>, <Action.SSW: -25>, <Action.WNW: 15>, <Action.SSW: -25>, <Action.SSW: -25>, <Action.ESE: -15>, <Action.SSW: -25>, <Action.ENE: 11>, <Action.ESE: -15>, <Action.SSW: -25>, <Action.ENE: 11>, <Action.ENE: 11>, <Action.ENE: 11>, <Action.SSW: -25>, <Action.SSW: -25>, <Action.WNW: 15>, <Action.ENE: 11>, <Action.WSW: -11>, <Action.NNW: 27>, <Action.NNW: 27>, <Action.ESE: -15>, <Action.ESE: -15>, <Action.SSW: -25>, <Action.WSW: -11>, <Action.WSW: -11>, <Action.NNE: 25>, <Action.NNE: 25>, <Action.WNW: 15>, <Action.NNE: 25>, <Action.NNE: 25>, <Action.NNE: 25>, <Action.WNW: 15>, <Action.WNW: 15>, <Action.NNE: 25>, <Action.SSE: -27>, <Action.ESE: -15>, <Action.NNE: 25>, <Action.WSW: -11>, <Action.WSW: -11>, <Action.NNE: 25>, <Action.ESE: -15>, <Action.SSE: -27>, <Action.NNW: 27>, <Action.NNE: 25>, <Action.WSW: -11>, <Action.ESE: -15>, <Action.WNW: 15>]
Winner: Agent(agent_class=<class 'my_custom_player.CustomPlayer'>, name='Custom Agent')
Loser: Agent(agent_class=<class 'sample_players.MinimaxPlayer'>, name='Minimax Agent')

INFO:sample_players:[Errno 2] No such file or directory: 'data.pickle'
INFO:isolation:Initial game state: Isolation(board=41523161203939122082683632224299007, ply_count=0, locs=(None, None))
First agent: Agent(agent_class=<class 'my_custom_player.CustomPlayer'>, name='Custom Agent')
Second agent: Agent(agent_class=<class 'sample_players.MinimaxPlayer'>, name='Minimax Agent')

INFO:isolation:Status: Status.GAME_OVER
Final State: Isolation(board=22578773521604668341152826960045255, ply_count=66, locs=(49, 113))
History: [111, 27, <Action.ESE: -15>, <Action.NNE: 25>, <Action.ESE: -15>, <Action.WSW: -11>, <Action.ESE: -15>, <Action.WSW: -11>, <Action.WSW: -11>, <Action.SSW: -25>, <Action.WSW: -11>, <Action.ENE: 11>, <Action.NNE: 25>, <Action.WNW: 15>, <Action.WSW: -11>, <Action.NNE: 25>, <Action.NNW: 27>, <Action.WSW: -11>, <Action.ESE: -15>, <Action.SSW: -25>, <Action.NNE: 25>, <Action.WSW: -11>, <Action.ENE: 11>, <Action.NNE: 25>, <Action.ESE: -15>, <Action.NNE: 25>, <Action.WSW: -11>, <Action.NNE: 25>, <Action.NNE: 25>, <Action.NNE: 25>, <Action.WSW: -11>, <Action.SSE: -27>, <Action.ESE: -15>, <Action.SSW: -25>, <Action.SSW: -25>, <Action.SSW: -25>, <Action.SSW: -25>, <Action.ENE: 11>, <Action.SSW: -25>, <Action.SSW: -25>, <Action.WNW: 15>, <Action.ESE: -15>, <Action.WSW: -11>, <Action.NNE: 25>, <Action.NNE: 25>, <Action.NNE: 25>, <Action.WSW: -11>, <Action.WNW: 15>, <Action.NNE: 25>, <Action.WNW: 15>, <Action.NNE: 25>, <Action.WNW: 15>, <Action.WSW: -11>, <Action.SSE: -27>, <Action.NNE: 25>, <Action.SSW: -25>, <Action.ENE: 11>, <Action.SSW: -25>, <Action.WNW: 15>, <Action.NNW: 27>, <Action.SSW: -25>, <Action.NNE: 25>, <Action.SSE: -27>, <Action.WNW: 15>, <Action.WSW: -11>, <Action.NNE: 25>]
Winner: Agent(agent_class=<class 'my_custom_player.CustomPlayer'>, name='Custom Agent')
Loser: Agent(agent_class=<class 'sample_players.MinimaxPlayer'>, name='Minimax Agent')

INFO:sample_players:[Errno 2] No such file or directory: 'data.pickle'
INFO:isolation:Initial game state: Isolation(board=41523161203939122082683632224299007, ply_count=0, locs=(None, None))
First agent: Agent(agent_class=<class 'sample_players.MinimaxPlayer'>, name='Minimax Agent')
Second agent: Agent(agent_class=<class 'my_custom_player.CustomPlayer'>, name='Custom Agent')

INFO:isolation:Status: Status.GAME_OVER
Final State: Isolation(board=41441791328373647694492712236697253, ply_count=53, locs=(15, 60))
History: [27, 85, <Action.NNE: 25>, <Action.ENE: 11>, <Action.WSW: -11>, <Action.ESE: -15>, <Action.NNE: 25>, <Action.NNE: 25>, <Action.NNE: 25>, <Action.SSE: -27>, <Action.WSW: -11>, <Action.SSW: -25>, <Action.SSE: -27>, <Action.SSW: -25>, <Action.WSW: -11>, <Action.SSW: -25>, <Action.WSW: -11>, <Action.WNW: 15>, <Action.NNE: 25>, <Action.NNE: 25>, <Action.ENE: 11>, <Action.NNE: 25>, <Action.WNW: 15>, <Action.WSW: -11>, <Action.SSW: -25>, <Action.NNE: 25>, <Action.WNW: 15>, <Action.ESE: -15>, <Action.NNE: 25>, <Action.SSW: -25>, <Action.SSE: -27>, <Action.WSW: -11>, <Action.SSW: -25>, <Action.NNW: 27>, <Action.SSE: -27>, <Action.NNE: 25>, <Action.ESE: -15>, <Action.WSW: -11>, <Action.NNW: 27>, <Action.SSE: -27>, <Action.NNE: 25>, <Action.SSW: -25>, <Action.ESE: -15>, <Action.ESE: -15>, <Action.SSE: -27>, <Action.NNW: 27>, <Action.WNW: 15>, <Action.SSW: -25>, <Action.SSE: -27>, <Action.NNW: 27>, <Action.NNE: 25>, <Action.NNE: 25>, <Action.WSW: -11>]
Winner: Agent(agent_class=<class 'my_custom_player.CustomPlayer'>, name='Custom Agent')
Loser: Agent(agent_class=<class 'sample_players.MinimaxPlayer'>, name='Minimax Agent')

INFO:sample_players:[Errno 2] No such file or directory: 'data.pickle'
INFO:isolation:Initial game state: Isolation(board=41523161203939122082683632224299007, ply_count=0, locs=(None, None))
First agent: Agent(agent_class=<class 'my_custom_player.CustomPlayer'>, name='Custom Agent')
Second agent: Agent(agent_class=<class 'sample_players.MinimaxPlayer'>, name='Minimax Agent')

INFO:isolation:Status: Status.GAME_OVER
Final State: Isolation(board=31339016910092496414758833387340083, ply_count=76, locs=(9, 91))
History: [80, 74, <Action.NNE: 25>, <Action.NNE: 25>, <Action.SSE: -27>, <Action.ENE: 11>, <Action.SSW: -25>, <Action.ESE: -15>, <Action.SSW: -25>, <Action.SSE: -27>, <Action.SSW: -25>, <Action.SSE: -27>, <Action.ENE: 11>, <Action.WNW: 15>, <Action.NNE: 25>, <Action.SSE: -27>, <Action.WNW: 15>, <Action.WSW: -11>, <Action.WSW: -11>, <Action.WSW: -11>, <Action.SSE: -27>, <Action.NNE: 25>, <Action.WNW: 15>, <Action.NNE: 25>, <Action.WNW: 15>, <Action.NNW: 27>, <Action.NNE: 25>, <Action.SSW: -25>, <Action.NNE: 25>, <Action.ENE: 11>, <Action.WSW: -11>, <Action.SSW: -25>, <Action.NNW: 27>, <Action.WNW: 15>, <Action.SSW: -25>, <Action.WNW: 15>, <Action.ESE: -15>, <Action.NNE: 25>, <Action.ENE: 11>, <Action.ENE: 11>, <Action.NNE: 25>, <Action.SSW: -25>, <Action.ESE: -15>, <Action.SSW: -25>, <Action.SSE: -27>, <Action.SSE: -27>, <Action.WSW: -11>, <Action.ESE: -15>, <Action.WSW: -11>, <Action.ENE: 11>, <Action.NNE: 25>, <Action.ESE: -15>, <Action.NNE: 25>, <Action.NNW: 27>, <Action.WNW: 15>, <Action.NNE: 25>, <Action.WSW: -11>, <Action.ESE: -15>, <Action.SSW: -25>, <Action.SSW: -25>, <Action.ESE: -15>, <Action.SSW: -25>, <Action.SSW: -25>, <Action.ENE: 11>, <Action.SSE: -27>, <Action.NNW: 27>, <Action.WNW: 15>, <Action.NNE: 25>, <Action.WSW: -11>, <Action.NNW: 27>, <Action.NNE: 25>, <Action.WSW: -11>, <Action.ESE: -15>, <Action.NNE: 25>, <Action.WSW: -11>, <Action.ESE: -15>]
Winner: Agent(agent_class=<class 'my_custom_player.CustomPlayer'>, name='Custom Agent')
Loser: Agent(agent_class=<class 'sample_players.MinimaxPlayer'>, name='Minimax Agent')

INFO:__main__:Your agent won 90.0% of matches against Minimax Agent
